<?xml version="1.0" encoding="UTF-8"?>
<testsuite xmlns:xsi="http://www.w3.org/2001/XMLSchema-instance" xsi:noNamespaceSchemaLocation="https://maven.apache.org/surefire/maven-surefire-plugin/xsd/surefire-test-report-3.0.xsd" version="3.0" name="GoogleFirstTest" time="9.203" tests="1" errors="0" skipped="0" failures="0">
  <properties>
[...]
</properties>
  <testcase name="pesquisarNoGoogle" classname="GoogleFirstTest" time="9.179">
    <system-err><![CDATA[Starting ChromeDriver 130.0.6723.91 (53ac076783696778ecc8f360ea31765c29c240ad-refs/branch-heads/6723@{#1517}) on port 21780
Only local connections are allowed.
Please see https://chromedriver.chromium.org/security-considerations for suggestions on keeping ChromeDriver safe.
ChromeDriver was started successfully on port 21780.
[1732227723.991][WARNING]: This version of ChromeDriver has not been tested with Chrome version 131.
nov. 21, 2024 7:22:04 PM org.openqa.selenium.remote.ProtocolHandshake createSession
INFO: Detected dialect: W3C
]]></system-err>
  </testcase>
</testsuite>